


ARM Macro Assembler    Page 1 


    1 00000000         ; ce programme est pour l'assembleur RealView (Keil)
    2 00000000                 thumb
    3 00000000                 area             moncode, code, readonly
    4 00000000                 export           subtest
    5 00000000         ;
    6 00000000         subtest proc
    7 00000000 B500            push             {lr}
    8 00000002 F7FF FFFE       bl               subtest2
    9 00000006 4609            MOV              r1, r1
   10 00000008 4408            add              r0, r1
   11 0000000A BD00            pop              {pc}
   12 0000000C                 endp
   13 0000000C         ;
   14 0000000C         
   15 0000000C         ; rend le cube sur 32 bits
   16 0000000C         subtest2
                               proc
   17 0000000C FB00 F300       mul              r3, r0, r0
   18 00000010 FB03 F000       mul              r0, r3, r0
   19 00000014 4770            bx               lr
   20 00000016                 endp
   21 00000016                 end
Command Line: --debug --xref --diag_suppress=9931 --cpu=Cortex-M3 --apcs=interw
ork --depend=.\td_sub.d -o.\td_sub.o -IC:\Keil_v5\ARM\RV31\INC -IC:\Keil_v5\ARM
\CMSIS\Include -IC:\Keil_v5\ARM\INC\ST\STM32F10x --predefine="__EVAL SETA 1" --
predefine="__MICROLIB SETA 1" --predefine="__UVISION_VERSION SETA 524" --list=.
\td_sub.lst td_sub.s



ARM Macro Assembler    Page 1 Alphabetic symbol ordering
Relocatable symbols

moncode 00000000

Symbol: moncode
   Definitions
      At line 3 in file td_sub.s
   Uses
      None
Comment: moncode unused
subtest 00000000

Symbol: subtest
   Definitions
      At line 6 in file td_sub.s
   Uses
      At line 4 in file td_sub.s
Comment: subtest used once
subtest2 0000000C

Symbol: subtest2
   Definitions
      At line 16 in file td_sub.s
   Uses
      At line 8 in file td_sub.s
Comment: subtest2 used once
3 symbols
336 symbols in table
