


ARM Macro Assembler    Page 1 


    1 00000000         ; ce programme est pour l'assembleur RealView (Keil)
    2 00000000                 thumb
    3 00000000                 area             moncode, code, readonly
    4 00000000                 export           subtest
    5 00000000         ;
    6 00000000         subtest proc
    7 00000000 B500            push             {lr}
    8 00000002 B401            push             {r0}
    9 00000004 6800            ldr              r0, [r0]
   10 00000006 F7FF FFFE       bl               subtest2
   11 0000000A BC04            pop              {r2}
   12 0000000C         ; jai le cube de i dans r0
   13 0000000C         ; ladr de la struct dans r2
   14 0000000C         ; je dois récupérer j
   15 0000000C 6851            ldr              r1, [r2, #4]
   16 0000000E 4401            add              r1, r0
   17 00000010 6051            str              r1, [r2, #4]
   18 00000012 BD00            pop              {pc}
   19 00000014                 endp
   20 00000014         ;
   21 00000014         
   22 00000014         ; rend le cube sur 32 bits
   23 00000014         subtest2
                               proc
   24 00000014 FB00 F300       mul              r3, r0, r0
   25 00000018 FB03 F000       mul              r0, r3, r0
   26 0000001C 4770            bx               lr
   27 0000001E                 endp
   28 0000001E                 end
Command Line: --debug --xref --diag_suppress=9931 --cpu=Cortex-M3 --apcs=interw
ork --depend=.\td_sub.d -o.\td_sub.o -IC:\Keil_v5\ARM\RV31\INC -IC:\Keil_v5\ARM
\CMSIS\Include -IC:\Keil_v5\ARM\INC\ST\STM32F10x --predefine="__EVAL SETA 1" --
predefine="__MICROLIB SETA 1" --predefine="__UVISION_VERSION SETA 524" --list=.
\td_sub.lst td_sub.s



ARM Macro Assembler    Page 1 Alphabetic symbol ordering
Relocatable symbols

moncode 00000000

Symbol: moncode
   Definitions
      At line 3 in file td_sub.s
   Uses
      None
Comment: moncode unused
subtest 00000000

Symbol: subtest
   Definitions
      At line 6 in file td_sub.s
   Uses
      At line 4 in file td_sub.s
Comment: subtest used once
subtest2 00000014

Symbol: subtest2
   Definitions
      At line 23 in file td_sub.s
   Uses
      At line 10 in file td_sub.s
Comment: subtest2 used once
3 symbols
336 symbols in table
