


ARM Macro Assembler    Page 1 


    1 00000000                 AREA             Trigo, DATA, READONLY
    2 00000000                 export           TabSin
    3 00000000         TabSin
    4 00000000 00000000        dcd              0x00000000  ;    0 0
    5 00000004 0000C910        dcd              0x0000c910  ;    1 0.00613588
    6 00000008 0001921D        dcd              0x0001921d  ;    2 0.0122715
    7 0000000C 00025B27        dcd              0x00025b27  ;    3 0.0184067
    8 00000010 0003242B        dcd              0x0003242b  ;    4 0.0245412
    9 00000014 0003ED27        dcd              0x0003ed27  ;    5 0.0306748
   10 00000018 0004B619        dcd              0x0004b619  ;    6 0.0368072
   11 0000001C 00057F00        dcd              0x00057f00  ;    7 0.0429383
   12 00000020 000647D9        dcd              0x000647d9  ;    8 0.0490677
   13 00000024 000710A3        dcd              0x000710a3  ;    9 0.0551952
   14 00000028 0007D95C        dcd              0x0007d95c  ;   10 0.0613207
   15 0000002C 0008A201        dcd              0x0008a201  ;   11 0.0674439
   16 00000030 00096A90        dcd              0x00096a90  ;   12 0.0735646
   17 00000034 000A3309        dcd              0x000a3309  ;   13 0.0796824
   18 00000038 000AFB68        dcd              0x000afb68  ;   14 0.0857973
   19 0000003C 000BC3AC        dcd              0x000bc3ac  ;   15 0.091909
   20 00000040 000C8BD3        dcd              0x000c8bd3  ;   16 0.0980171
   21 00000044 000D53DC        dcd              0x000d53dc  ;   17 0.104122
   22 00000048 000E1BC3        dcd              0x000e1bc3  ;   18 0.110222
   23 0000004C 000EE387        dcd              0x000ee387  ;   19 0.116319
   24 00000050 000FAB27        dcd              0x000fab27  ;   20 0.122411
   25 00000054 001072A0        dcd              0x001072a0  ;   21 0.128498
   26 00000058 001139F1        dcd              0x001139f1  ;   22 0.134581
   27 0000005C 00120117        dcd              0x00120117  ;   23 0.140658
   28 00000060 0012C810        dcd              0x0012c810  ;   24 0.14673
   29 00000064 00138EDC        dcd              0x00138edc  ;   25 0.152797
   30 00000068 00145577        dcd              0x00145577  ;   26 0.158858
   31 0000006C 00151BE0        dcd              0x00151be0  ;   27 0.164913
   32 00000070 0015E214        dcd              0x0015e214  ;   28 0.170962
   33 00000074 0016A813        dcd              0x0016a813  ;   29 0.177004
   34 00000078 00176DDA        dcd              0x00176dda  ;   30 0.18304
   35 0000007C 00183367        dcd              0x00183367  ;   31 0.189069
   36 00000080 0018F8B8        dcd              0x0018f8b8  ;   32 0.19509
   37 00000084 0019BDCC        dcd              0x0019bdcc  ;   33 0.201105
   38 00000088 001A82A0        dcd              0x001a82a0  ;   34 0.207111
   39 0000008C 001B4733        dcd              0x001b4733  ;   35 0.21311
   40 00000090 001C0B82        dcd              0x001c0b82  ;   36 0.219101
   41 00000094 001CCF8D        dcd              0x001ccf8d  ;   37 0.225084
   42 00000098 001D9350        dcd              0x001d9350  ;   38 0.231058
   43 0000009C 001E56CA        dcd              0x001e56ca  ;   39 0.237024
   44 000000A0 001F19F9        dcd              0x001f19f9  ;   40 0.24298
   45 000000A4 001FDCDC        dcd              0x001fdcdc  ;   41 0.248928
   46 000000A8 00209F70        dcd              0x00209f70  ;   42 0.254866
   47 000000AC 002161B4        dcd              0x002161b4  ;   43 0.260794
   48 000000B0 002223A5        dcd              0x002223a5  ;   44 0.266713
   49 000000B4 0022E542        dcd              0x0022e542  ;   45 0.272621
   50 000000B8 0023A688        dcd              0x0023a688  ;   46 0.27852
   51 000000BC 00246777        dcd              0x00246777  ;   47 0.284408
   52 000000C0 0025280C        dcd              0x0025280c  ;   48 0.290285
   53 000000C4 0025E846        dcd              0x0025e846  ;   49 0.296151
   54 000000C8 0026A822        dcd              0x0026a822  ;   50 0.302006
   55 000000CC 0027679E        dcd              0x0027679e  ;   51 0.30785
   56 000000D0 002826B9        dcd              0x002826b9  ;   52 0.313682
   57 000000D4 0028E571        dcd              0x0028e571  ;   53 0.319502
   58 000000D8 0029A3C5        dcd              0x0029a3c5  ;   54 0.32531
   59 000000DC 002A61B1        dcd              0x002a61b1  ;   55 0.331106



ARM Macro Assembler    Page 2 


   60 000000E0 002B1F35        dcd              0x002b1f35  ;   56 0.33689
   61 000000E4 002BDC4E        dcd              0x002bdc4e  ;   57 0.342661
   62 000000E8 002C98FC        dcd              0x002c98fc  ;   58 0.348419
   63 000000EC 002D553B        dcd              0x002d553b  ;   59 0.354164
   64 000000F0 002E110A        dcd              0x002e110a  ;   60 0.359895
   65 000000F4 002ECC68        dcd              0x002ecc68  ;   61 0.365613
   66 000000F8 002F8752        dcd              0x002f8752  ;   62 0.371317
   67 000000FC 003041C7        dcd              0x003041c7  ;   63 0.377007
   68 00000100 0030FBC5        dcd              0x0030fbc5  ;   64 0.382683
   69 00000104 0031B54A        dcd              0x0031b54a  ;   65 0.388345
   70 00000108 00326E55        dcd              0x00326e55  ;   66 0.393992
   71 0000010C 003326E3        dcd              0x003326e3  ;   67 0.399624
   72 00000110 0033DEF3        dcd              0x0033def3  ;   68 0.405241
   73 00000114 00349682        dcd              0x00349682  ;   69 0.410843
   74 00000118 00354D90        dcd              0x00354d90  ;   70 0.41643
   75 0000011C 0036041B        dcd              0x0036041b  ;   71 0.422
   76 00000120 0036BA20        dcd              0x0036ba20  ;   72 0.427555
   77 00000124 00376F9E        dcd              0x00376f9e  ;   73 0.433094
   78 00000128 00382494        dcd              0x00382494  ;   74 0.438616
   79 0000012C 0038D8FF        dcd              0x0038d8ff  ;   75 0.444122
   80 00000130 00398CDD        dcd              0x00398cdd  ;   76 0.449611
   81 00000134 003A402E        dcd              0x003a402e  ;   77 0.455084
   82 00000138 003AF2EF        dcd              0x003af2ef  ;   78 0.460539
   83 0000013C 003BA51E        dcd              0x003ba51e  ;   79 0.465976
   84 00000140 003C56BA        dcd              0x003c56ba  ;   80 0.471397
   85 00000144 003D07C2        dcd              0x003d07c2  ;   81 0.476799
   86 00000148 003DB833        dcd              0x003db833  ;   82 0.482184
   87 0000014C 003E680B        dcd              0x003e680b  ;   83 0.48755
   88 00000150 003F174A        dcd              0x003f174a  ;   84 0.492898
   89 00000154 003FC5ED        dcd              0x003fc5ed  ;   85 0.498228
   90 00000158 004073F2        dcd              0x004073f2  ;   86 0.503538
   91 0000015C 00412159        dcd              0x00412159  ;   87 0.50883
   92 00000160 0041CE1E        dcd              0x0041ce1e  ;   88 0.514103
   93 00000164 00427A42        dcd              0x00427a42  ;   89 0.519356
   94 00000168 004325C1        dcd              0x004325c1  ;   90 0.52459
   95 0000016C 0043D09B        dcd              0x0043d09b  ;   91 0.529804
   96 00000170 00447ACD        dcd              0x00447acd  ;   92 0.534998
   97 00000174 00452457        dcd              0x00452457  ;   93 0.540171
   98 00000178 0045CD36        dcd              0x0045cd36  ;   94 0.545325
   99 0000017C 00467568        dcd              0x00467568  ;   95 0.550458
  100 00000180 00471CED        dcd              0x00471ced  ;   96 0.55557
  101 00000184 0047C3C2        dcd              0x0047c3c2  ;   97 0.560662
  102 00000188 004869E6        dcd              0x004869e6  ;   98 0.565732
  103 0000018C 00490F58        dcd              0x00490f58  ;   99 0.570781
  104 00000190 0049B415        dcd              0x0049b415  ;  100 0.575808
  105 00000194 004A581D        dcd              0x004a581d  ;  101 0.580814
  106 00000198 004AFB6D        dcd              0x004afb6d  ;  102 0.585798
  107 0000019C 004B9E04        dcd              0x004b9e04  ;  103 0.59076
  108 000001A0 004C3FE0        dcd              0x004c3fe0  ;  104 0.595699
  109 000001A4 004CE100        dcd              0x004ce100  ;  105 0.600616
  110 000001A8 004D8163        dcd              0x004d8163  ;  106 0.605511
  111 000001AC 004E2106        dcd              0x004e2106  ;  107 0.610383
  112 000001B0 004EBFE9        dcd              0x004ebfe9  ;  108 0.615232
  113 000001B4 004F5E09        dcd              0x004f5e09  ;  109 0.620057
  114 000001B8 004FFB65        dcd              0x004ffb65  ;  110 0.624859
  115 000001BC 005097FC        dcd              0x005097fc  ;  111 0.629638
  116 000001C0 005133CD        dcd              0x005133cd  ;  112 0.634393
  117 000001C4 0051CED4        dcd              0x0051ced4  ;  113 0.639124
  118 000001C8 00526912        dcd              0x00526912  ;  114 0.643832



ARM Macro Assembler    Page 3 


  119 000001CC 00530285        dcd              0x00530285  ;  115 0.648514
  120 000001D0 00539B2B        dcd              0x00539b2b  ;  116 0.653173
  121 000001D4 00543302        dcd              0x00543302  ;  117 0.657807
  122 000001D8 0054CA0A        dcd              0x0054ca0a  ;  118 0.662416
  123 000001DC 00556041        dcd              0x00556041  ;  119 0.667
  124 000001E0 0055F5A5        dcd              0x0055f5a5  ;  120 0.671559
  125 000001E4 00568A35        dcd              0x00568a35  ;  121 0.676093
  126 000001E8 00571DEF        dcd              0x00571def  ;  122 0.680601
  127 000001EC 0057B0D2        dcd              0x0057b0d2  ;  123 0.685084
  128 000001F0 005842DD        dcd              0x005842dd  ;  124 0.689541
  129 000001F4 0058D40F        dcd              0x0058d40f  ;  125 0.693971
  130 000001F8 00596465        dcd              0x00596465  ;  126 0.698376
  131 000001FC 0059F3DE        dcd              0x0059f3de  ;  127 0.702755
  132 00000200 005A827A        dcd              0x005a827a  ;  128 0.707107
  133 00000204 005B1036        dcd              0x005b1036  ;  129 0.711432
  134 00000208 005B9D11        dcd              0x005b9d11  ;  130 0.715731
  135 0000020C 005C290B        dcd              0x005c290b  ;  131 0.720003
  136 00000210 005CB421        dcd              0x005cb421  ;  132 0.724247
  137 00000214 005D3E52        dcd              0x005d3e52  ;  133 0.728464
  138 00000218 005DC79D        dcd              0x005dc79d  ;  134 0.732654
  139 0000021C 005E5001        dcd              0x005e5001  ;  135 0.736817
  140 00000220 005ED77D        dcd              0x005ed77d  ;  136 0.740951
  141 00000224 005F5E0E        dcd              0x005f5e0e  ;  137 0.745058
  142 00000228 005FE3B4        dcd              0x005fe3b4  ;  138 0.749136
  143 0000022C 0060686D        dcd              0x0060686d  ;  139 0.753187
  144 00000230 0060EC38        dcd              0x0060ec38  ;  140 0.757209
  145 00000234 00616F14        dcd              0x00616f14  ;  141 0.761202
  146 00000238 0061F100        dcd              0x0061f100  ;  142 0.765167
  147 0000023C 006271FA        dcd              0x006271fa  ;  143 0.769103
  148 00000240 0062F202        dcd              0x0062f202  ;  144 0.77301
  149 00000244 00637115        dcd              0x00637115  ;  145 0.776888
  150 00000248 0063EF33        dcd              0x0063ef33  ;  146 0.780737
  151 0000024C 00646C5A        dcd              0x00646c5a  ;  147 0.784557
  152 00000250 0064E889        dcd              0x0064e889  ;  148 0.788346
  153 00000254 006563C0        dcd              0x006563c0  ;  149 0.792107
  154 00000258 0065DDFC        dcd              0x0065ddfc  ;  150 0.795837
  155 0000025C 0066573D        dcd              0x0066573d  ;  151 0.799537
  156 00000260 0066CF81        dcd              0x0066cf81  ;  152 0.803208
  157 00000264 006746C8        dcd              0x006746c8  ;  153 0.806848
  158 00000268 0067BD10        dcd              0x0067bd10  ;  154 0.810457
  159 0000026C 00683258        dcd              0x00683258  ;  155 0.814036
  160 00000270 0068A69F        dcd              0x0068a69f  ;  156 0.817585
  161 00000274 006919E3        dcd              0x006919e3  ;  157 0.821103
  162 00000278 00698C24        dcd              0x00698c24  ;  158 0.824589
  163 0000027C 0069FD61        dcd              0x0069fd61  ;  159 0.828045
  164 00000280 006A6D99        dcd              0x006a6d99  ;  160 0.83147
  165 00000284 006ADCC9        dcd              0x006adcc9  ;  161 0.834863
  166 00000288 006B4AF2        dcd              0x006b4af2  ;  162 0.838225
  167 0000028C 006BB813        dcd              0x006bb813  ;  163 0.841555
  168 00000290 006C2429        dcd              0x006c2429  ;  164 0.844854
  169 00000294 006C8F35        dcd              0x006c8f35  ;  165 0.84812
  170 00000298 006CF935        dcd              0x006cf935  ;  166 0.851355
  171 0000029C 006D6228        dcd              0x006d6228  ;  167 0.854558
  172 000002A0 006DCA0D        dcd              0x006dca0d  ;  168 0.857729
  173 000002A4 006E30E3        dcd              0x006e30e3  ;  169 0.860867
  174 000002A8 006E96AA        dcd              0x006e96aa  ;  170 0.863973
  175 000002AC 006EFB5F        dcd              0x006efb5f  ;  171 0.867046
  176 000002B0 006F5F03        dcd              0x006f5f03  ;  172 0.870087
  177 000002B4 006FC194        dcd              0x006fc194  ;  173 0.873095



ARM Macro Assembler    Page 4 


  178 000002B8 00702311        dcd              0x00702311  ;  174 0.87607
  179 000002BC 00708379        dcd              0x00708379  ;  175 0.879012
  180 000002C0 0070E2CC        dcd              0x0070e2cc  ;  176 0.881921
  181 000002C4 00714108        dcd              0x00714108  ;  177 0.884797
  182 000002C8 00719E2D        dcd              0x00719e2d  ;  178 0.88764
  183 000002CC 0071FA39        dcd              0x0071fa39  ;  179 0.890449
  184 000002D0 0072552D        dcd              0x0072552d  ;  180 0.893224
  185 000002D4 0072AF06        dcd              0x0072af06  ;  181 0.895966
  186 000002D8 007307C4        dcd              0x007307c4  ;  182 0.898674
  187 000002DC 00735F66        dcd              0x00735f66  ;  183 0.901349
  188 000002E0 0073B5EC        dcd              0x0073b5ec  ;  184 0.903989
  189 000002E4 00740B54        dcd              0x00740b54  ;  185 0.906596
  190 000002E8 00745F9E        dcd              0x00745f9e  ;  186 0.909168
  191 000002EC 0074B2C9        dcd              0x0074b2c9  ;  187 0.911706
  192 000002F0 007504D3        dcd              0x007504d3  ;  188 0.91421
  193 000002F4 007555BD        dcd              0x007555bd  ;  189 0.916679
  194 000002F8 0075A586        dcd              0x0075a586  ;  190 0.919114
  195 000002FC 0075F42C        dcd              0x0075f42c  ;  191 0.921514
  196 00000300 007641AF        dcd              0x007641af  ;  192 0.92388
  197 00000304 00768E0F        dcd              0x00768e0f  ;  193 0.92621
  198 00000308 0076D94A        dcd              0x0076d94a  ;  194 0.928506
  199 0000030C 0077235F        dcd              0x0077235f  ;  195 0.930767
  200 00000310 00776C4F        dcd              0x00776c4f  ;  196 0.932993
  201 00000314 0077B418        dcd              0x0077b418  ;  197 0.935184
  202 00000318 0077FABA        dcd              0x0077faba  ;  198 0.937339
  203 0000031C 00784033        dcd              0x00784033  ;  199 0.939459
  204 00000320 00788484        dcd              0x00788484  ;  200 0.941544
  205 00000324 0078C7AC        dcd              0x0078c7ac  ;  201 0.943593
  206 00000328 007909A9        dcd              0x007909a9  ;  202 0.945607
  207 0000032C 00794A7C        dcd              0x00794a7c  ;  203 0.947586
  208 00000330 00798A24        dcd              0x00798a24  ;  204 0.949528
  209 00000334 0079C89F        dcd              0x0079c89f  ;  205 0.951435
  210 00000338 007A05EF        dcd              0x007a05ef  ;  206 0.953306
  211 0000033C 007A4211        dcd              0x007a4211  ;  207 0.955141
  212 00000340 007A7D05        dcd              0x007a7d05  ;  208 0.95694
  213 00000344 007AB6CC        dcd              0x007ab6cc  ;  209 0.958703
  214 00000348 007AEF63        dcd              0x007aef63  ;  210 0.960431
  215 0000034C 007B26CB        dcd              0x007b26cb  ;  211 0.962121
  216 00000350 007B5D04        dcd              0x007b5d04  ;  212 0.963776
  217 00000354 007B920C        dcd              0x007b920c  ;  213 0.965394
  218 00000358 007BC5E3        dcd              0x007bc5e3  ;  214 0.966976
  219 0000035C 007BF888        dcd              0x007bf888  ;  215 0.968522
  220 00000360 007C29FC        dcd              0x007c29fc  ;  216 0.970031
  221 00000364 007C5A3D        dcd              0x007c5a3d  ;  217 0.971504
  222 00000368 007C894C        dcd              0x007c894c  ;  218 0.97294
  223 0000036C 007CB727        dcd              0x007cb727  ;  219 0.974339
  224 00000370 007CE3CF        dcd              0x007ce3cf  ;  220 0.975702
  225 00000374 007D0F42        dcd              0x007d0f42  ;  221 0.977028
  226 00000378 007D3981        dcd              0x007d3981  ;  222 0.978317
  227 0000037C 007D628B        dcd              0x007d628b  ;  223 0.97957
  228 00000380 007D8A5F        dcd              0x007d8a5f  ;  224 0.980785
  229 00000384 007DB0FE        dcd              0x007db0fe  ;  225 0.981964
  230 00000388 007DD667        dcd              0x007dd667  ;  226 0.983105
  231 0000038C 007DFA99        dcd              0x007dfa99  ;  227 0.98421
  232 00000390 007E1D94        dcd              0x007e1d94  ;  228 0.985278
  233 00000394 007E3F58        dcd              0x007e3f58  ;  229 0.986308
  234 00000398 007E5FE5        dcd              0x007e5fe5  ;  230 0.987301
  235 0000039C 007E7F39        dcd              0x007e7f39  ;  231 0.988258
  236 000003A0 007E9D56        dcd              0x007e9d56  ;  232 0.989177



ARM Macro Assembler    Page 5 


  237 000003A4 007EBA3A        dcd              0x007eba3a  ;  233 0.990058
  238 000003A8 007ED5E6        dcd              0x007ed5e6  ;  234 0.990903
  239 000003AC 007EF058        dcd              0x007ef058  ;  235 0.99171
  240 000003B0 007F0992        dcd              0x007f0992  ;  236 0.99248
  241 000003B4 007F2192        dcd              0x007f2192  ;  237 0.993212
  242 000003B8 007F3858        dcd              0x007f3858  ;  238 0.993907
  243 000003BC 007F4DE4        dcd              0x007f4de4  ;  239 0.994565
  244 000003C0 007F6237        dcd              0x007f6237  ;  240 0.995185
  245 000003C4 007F754E        dcd              0x007f754e  ;  241 0.995767
  246 000003C8 007F872C        dcd              0x007f872c  ;  242 0.996313
  247 000003CC 007F97CF        dcd              0x007f97cf  ;  243 0.99682
  248 000003D0 007FA737        dcd              0x007fa737  ;  244 0.99729
  249 000003D4 007FB564        dcd              0x007fb564  ;  245 0.997723
  250 000003D8 007FC256        dcd              0x007fc256  ;  246 0.998118
  251 000003DC 007FCE0C        dcd              0x007fce0c  ;  247 0.998476
  252 000003E0 007FD888        dcd              0x007fd888  ;  248 0.998795
  253 000003E4 007FE1C7        dcd              0x007fe1c7  ;  249 0.999078
  254 000003E8 007FE9CC        dcd              0x007fe9cc  ;  250 0.999322
  255 000003EC 007FF094        dcd              0x007ff094  ;  251 0.999529
  256 000003F0 007FF622        dcd              0x007ff622  ;  252 0.999699
  257 000003F4 007FFA73        dcd              0x007ffa73  ;  253 0.999831
  258 000003F8 007FFD88        dcd              0x007ffd88  ;  254 0.999925
  259 000003FC 007FFF62        dcd              0x007fff62  ;  255 0.999981
  260 00000400 00800000        dcd              0x00800000  ;  256 1
  261 00000404                 end
Command Line: --debug --xref --diag_suppress=9931 --cpu=Cortex-M3 --apcs=interw
ork --depend=.\trigo.d -o.\trigo.o -IC:\Keil_v5\ARM\RV31\INC -IC:\Keil_v5\ARM\C
MSIS\Include -IC:\Keil_v5\ARM\INC\ST\STM32F10x --predefine="__EVAL SETA 1" --pr
edefine="__MICROLIB SETA 1" --predefine="__UVISION_VERSION SETA 524" --list=.\t
rigo.lst trigo.asm



ARM Macro Assembler    Page 1 Alphabetic symbol ordering
Relocatable symbols

TabSin 00000000

Symbol: TabSin
   Definitions
      At line 3 in file trigo.asm
   Uses
      At line 2 in file trigo.asm
Comment: TabSin used once
Trigo 00000000

Symbol: Trigo
   Definitions
      At line 1 in file trigo.asm
   Uses
      None
Comment: Trigo unused
2 symbols
335 symbols in table
